<?xml version="1.0" encoding="UTF-8"?>
<testsuite name="com.helixent.coding.tools.ToolUtilsTest" tests="11" skipped="0" failures="0" errors="0" timestamp="2026-05-15T20:09:34" hostname="BY_CP" time="0.025">
  <properties/>
  <testcase name="truncateText_handlesNullInput()" classname="com.helixent.coding.tools.ToolUtilsTest" time="0.0"/>
  <testcase name="ensureFilePath_returnsErrorForNullPath()" classname="com.helixent.coding.tools.ToolUtilsTest" time="0.0"/>
  <testcase name="truncateText_truncatesLongTextWithSuffix()" classname="com.helixent.coding.tools.ToolUtilsTest" time="0.001"/>
  <testcase name="ensureDirectoryPath_returnsOkForExistingDirectory(Path)" classname="com.helixent.coding.tools.ToolUtilsTest" time="0.003"/>
  <testcase name="ensureDirectoryPath_returnsErrorForFile(Path)" classname="com.helixent.coding.tools.ToolUtilsTest" time="0.003"/>
  <testcase name="ensureFilePath_returnsErrorForBlankPath()" classname="com.helixent.coding.tools.ToolUtilsTest" time="0.0"/>
  <testcase name="ensureDirectoryPath_returnsErrorForNullPath()" classname="com.helixent.coding.tools.ToolUtilsTest" time="0.0"/>
  <testcase name="ensureFilePath_returnsErrorForNonExistentFile()" classname="com.helixent.coding.tools.ToolUtilsTest" time="0.001"/>
  <testcase name="ensureFilePath_returnsErrorForDirectory(Path)" classname="com.helixent.coding.tools.ToolUtilsTest" time="0.003"/>
  <testcase name="ensureFilePath_returnsOkForExistingFile(Path)" classname="com.helixent.coding.tools.ToolUtilsTest" time="0.005"/>
  <testcase name="truncateText_doesNotTruncateShortText()" classname="com.helixent.coding.tools.ToolUtilsTest" time="0.0"/>
  <system-out><![CDATA[]]></system-out>
  <system-err><![CDATA[]]></system-err>
</testsuite>
