<?xml version="1.0" encoding="UTF-8"?>
<testsuite name="com.helixent.coding.tools.BashToolTest" tests="4" skipped="0" failures="0" errors="0" timestamp="2026-05-15T20:09:34" hostname="BY_CP" time="0.1">
  <properties/>
  <testcase name="returnsErrorForBlankCommand()" classname="com.helixent.coding.tools.BashToolTest" time="0.003"/>
  <testcase name="returnsErrorForNullCommand()" classname="com.helixent.coding.tools.BashToolTest" time="0.001"/>
  <testcase name="executesEchoCommand()" classname="com.helixent.coding.tools.BashToolTest" time="0.051"/>
  <testcase name="returnsErrorForFailedCommand()" classname="com.helixent.coding.tools.BashToolTest" time="0.042"/>
  <system-out><![CDATA[]]></system-out>
  <system-err><![CDATA[]]></system-err>
</testsuite>
