<?xml version="1.0" encoding="UTF-8"?>
<testsuite name="com.helixent.coding.tools.MovePathToolTest" tests="4" skipped="0" failures="0" errors="0" timestamp="2026-05-15T20:09:34" hostname="BY_CP" time="0.015">
  <properties/>
  <testcase name="returnsErrorForNullSource()" classname="com.helixent.coding.tools.MovePathToolTest" time="0.002"/>
  <testcase name="returnsErrorForNonExistentSource()" classname="com.helixent.coding.tools.MovePathToolTest" time="0.001"/>
  <testcase name="returnsErrorForNullDestination()" classname="com.helixent.coding.tools.MovePathToolTest" time="0.001"/>
  <testcase name="movesFile(Path)" classname="com.helixent.coding.tools.MovePathToolTest" time="0.01"/>
  <system-out><![CDATA[]]></system-out>
  <system-err><![CDATA[]]></system-err>
</testsuite>
