<?xml version="1.0" encoding="UTF-8"?>
<testsuite name="com.helixent.coding.tools.WriteFileToolTest" tests="4" skipped="0" failures="0" errors="0" timestamp="2026-05-15T20:09:34" hostname="BY_CP" time="0.022">
  <properties/>
  <testcase name="createsParentDirectories(Path)" classname="com.helixent.coding.tools.WriteFileToolTest" time="0.013"/>
  <testcase name="returnsErrorForNullContent()" classname="com.helixent.coding.tools.WriteFileToolTest" time="0.001"/>
  <testcase name="writesFile(Path)" classname="com.helixent.coding.tools.WriteFileToolTest" time="0.006"/>
  <testcase name="returnsErrorForNullPath()" classname="com.helixent.coding.tools.WriteFileToolTest" time="0.001"/>
  <system-out><![CDATA[]]></system-out>
  <system-err><![CDATA[]]></system-err>
</testsuite>
