<?xml version="1.0" encoding="UTF-8"?>
<testsuite name="com.helixent.coding.tools.StrReplaceToolTest" tests="4" skipped="0" failures="0" errors="0" timestamp="2026-05-15T20:09:34" hostname="BY_CP" time="0.024">
  <properties/>
  <testcase name="returnsErrorForNonExistentFile()" classname="com.helixent.coding.tools.StrReplaceToolTest" time="0.002"/>
  <testcase name="returnsErrorForMultipleMatches(Path)" classname="com.helixent.coding.tools.StrReplaceToolTest" time="0.007"/>
  <testcase name="replacesString(Path)" classname="com.helixent.coding.tools.StrReplaceToolTest" time="0.008"/>
  <testcase name="returnsErrorWhenOldStrNotFound(Path)" classname="com.helixent.coding.tools.StrReplaceToolTest" time="0.005"/>
  <system-out><![CDATA[]]></system-out>
  <system-err><![CDATA[]]></system-err>
</testsuite>
