<?xml version="1.0" encoding="UTF-8"?>
<testsuite name="com.helixent.coding.tools.ListFilesToolTest" tests="3" skipped="0" failures="0" errors="0" timestamp="2026-05-15T20:09:34" hostname="BY_CP" time="0.012">
  <properties/>
  <testcase name="listsFiles(Path)" classname="com.helixent.coding.tools.ListFilesToolTest" time="0.009"/>
  <testcase name="returnsErrorForNonExistentDirectory()" classname="com.helixent.coding.tools.ListFilesToolTest" time="0.001"/>
  <testcase name="returnsErrorForNullPath()" classname="com.helixent.coding.tools.ListFilesToolTest" time="0.001"/>
  <system-out><![CDATA[]]></system-out>
  <system-err><![CDATA[]]></system-err>
</testsuite>
