<?xml version="1.0" encoding="UTF-8"?>
<testsuite name="com.helixent.coding.tools.ToolResultHelperTest" tests="2" skipped="0" failures="0" errors="0" timestamp="2026-05-15T20:09:34" hostname="BY_CP" time="0.001">
  <properties/>
  <testcase name="errorToolResult_returnsStableErrorShape()" classname="com.helixent.coding.tools.ToolResultHelperTest" time="0.0"/>
  <testcase name="okToolResult_returnsStableSuccessShape()" classname="com.helixent.coding.tools.ToolResultHelperTest" time="0.0"/>
  <system-out><![CDATA[]]></system-out>
  <system-err><![CDATA[]]></system-err>
</testsuite>
