<?xml version="1.0" encoding="UTF-8"?>
<testsuite name="com.helixent.foundation.messages.MessageTest" tests="7" skipped="0" failures="0" errors="0" timestamp="2026-05-15T20:09:35" hostname="BY_CP" time="0.021">
  <properties/>
  <testcase name="message_isSealedInterface()" classname="com.helixent.foundation.messages.MessageTest" time="0.001"/>
  <testcase name="userMessage_createsWithContent()" classname="com.helixent.foundation.messages.MessageTest" time="0.001"/>
  <testcase name="assistantMessage_createsWithUsage()" classname="com.helixent.foundation.messages.MessageTest" time="0.015"/>
  <testcase name="systemMessage_createsWithContent()" classname="com.helixent.foundation.messages.MessageTest" time="0.0"/>
  <testcase name="assistantMessage_createsWithContent()" classname="com.helixent.foundation.messages.MessageTest" time="0.0"/>
  <testcase name="tokenUsage_createsWithAllFields()" classname="com.helixent.foundation.messages.MessageTest" time="0.0"/>
  <testcase name="toolMessage_createsWithContent()" classname="com.helixent.foundation.messages.MessageTest" time="0.001"/>
  <system-out><![CDATA[]]></system-out>
  <system-err><![CDATA[]]></system-err>
</testsuite>
