<?xml version="1.0" encoding="UTF-8"?>
<testsuite name="com.helixent.coding.tools.ReadFileToolTest" tests="4" skipped="0" failures="0" errors="0" timestamp="2026-05-15T20:09:34" hostname="BY_CP" time="0.018">
  <properties/>
  <testcase name="returnsErrorForNonExistentFile()" classname="com.helixent.coding.tools.ReadFileToolTest" time="0.003"/>
  <testcase name="readsFile(Path)" classname="com.helixent.coding.tools.ReadFileToolTest" time="0.006"/>
  <testcase name="readsWithOffset(Path)" classname="com.helixent.coding.tools.ReadFileToolTest" time="0.006"/>
  <testcase name="returnsErrorForNullPath()" classname="com.helixent.coding.tools.ReadFileToolTest" time="0.001"/>
  <system-out><![CDATA[]]></system-out>
  <system-err><![CDATA[]]></system-err>
</testsuite>
